==========================================
Running system health check at 2025-06-11 02:47:28
==========================================
[2025-06-11 02:47:29] CPU Usage: 3%
[2025-06-11 02:47:29] Memory Usage: 10%
[2025-06-11 02:47:29] Disk Usage: 1%
[2025-06-11 02:47:29] Internet is fine
[2025-06-11 02:47:29] Fake service is not running. Restarting it...
[2025-06-11 02:47:31] Fake service restarted successfully.
Health Check Completed
==========================================
Running system health check at 2025-06-11 02:48:36
==========================================
[2025-06-11 02:48:37] CPU Usage: 2%
[2025-06-11 02:48:37] Memory Usage: 10%
[2025-06-11 02:48:37] Disk Usage: 1%
[2025-06-11 02:48:37] Internet is fine
[2025-06-11 02:48:37] Fake service is running...
Health Check Completed
==========================================
Running system health check at 2025-06-11 02:50:46
==========================================
[2025-06-11 02:50:46] CPU Usage: 2%
[2025-06-11 02:50:46] Memory Usage: 10%
[2025-06-11 02:50:46] Disk Usage: 1%
[2025-06-11 02:50:46] Internet is fine
[2025-06-11 02:50:46] Fake service is running...
Health Check Completed
